====start running====
{'activation': 'relu',
 'aggpreprocess': False,
 'alpha': 0.1,
 'attack': None,
 'batch_adj': 1,
 'checkpoints': [-1, 99, 199, 299, 399, 499, 599, 699, 799, 899, 999],
 'coarsen_strategy': 'greedy',
 'condense_model': 'SGC',
 'dataset': 'cora',
 'device': 'cuda:0',
 'dis_metric': 'ours',
 'dropout': 0.0,
 'eigen_k': 60,
 'epochs': 1000,
 'eval_epochs': 300,
 'eval_interval': 100,
 'eval_model': 'GCN',
 'eval_whole': False,
 'feat_alpha': 10,
 'final_eval_model': 'GCN',
 'gamma': 0.5,
 'gpu_id': 0,
 'hidden': 256,
 'init': None,
 'inner_loop': 5,
 'load_path': '/scratch/sgong36/data',
 'logger': <Logger graphslim.config (INFO)>,
 'lr': 0.01,
 'lr_adj': 0.01,
 'lr_eigenvec': 0.01,
 'lr_feat': 0.01,
 'method': 'gcdm',
 'metric': 'accuracy',
 'mx_size': 100,
 'nlayers': 2,
 'no_buff': False,
 'ntrans': 1,
 'optim': 'Adam',
 'outer_loop': 10,
 'pre_norm': True,
 'ptb_r': 0.25,
 'ratio': 0.8,
 'reduction_rate': 0.5,
 'run_eval': 10,
 'run_inter_eval': 3,
 'run_reduction': 3,
 'save_path': '/scratch/sgong36/checkpoints',
 'seed': 1,
 'setting': 'trans',
 'smoothness_alpha': 0.1,
 'soft_label': 0,
 'split': 'fixed',
 'threshold': 0.0,
 'ts': 4,
 'verbose': False,
 'weight_decay': 0.0,
 'with_bn': False,
 'with_structure': 1}
Val Accuracy and Std:[0.2733333333333334, 0.03597530016861878]
Saved /scratch/sgong36/checkpoints/reduced_graph/gcdm/adj_cora_0.5_1.pt
Val Accuracy and Std:[0.2735555555555556, 0.00031426968052734606]
Saved /scratch/sgong36/checkpoints/reduced_graph/gcdm/adj_cora_0.5_1.pt
Val Accuracy and Std:[0.2966666666666667, 0.02792052212182923]
Saved /scratch/sgong36/checkpoints/reduced_graph/gcdm/adj_cora_0.5_1.pt
Val Accuracy and Std:[0.2966666666666667, 0.0]
Val Accuracy and Std:[0.2966666666666667, 0.0]
